Determining if the pthread_create exist failed with the following output:
Change Dir: /home/rambodrahmani/DevOps/opengl-superbible-7ed/cmake-build-debug/CMakeFiles/CMakeTmp

Run Build Command:"/usr/bin/make" "cmTC_50f78/fast"
/usr/bin/make -f CMakeFiles/cmTC_50f78.dir/build.make CMakeFiles/cmTC_50f78.dir/build
make[1]: Entering directory '/home/rambodrahmani/DevOps/opengl-superbible-7ed/cmake-build-debug/CMakeFiles/CMakeTmp'
Building C object CMakeFiles/cmTC_50f78.dir/CheckSymbolExists.c.o
/usr/bin/cc    -o CMakeFiles/cmTC_50f78.dir/CheckSymbolExists.c.o   -c /home/rambodrahmani/DevOps/opengl-superbible-7ed/cmake-build-debug/CMakeFiles/CMakeTmp/CheckSymbolExists.c
Linking C executable cmTC_50f78
/opt/clion/bin/cmake/linux/bin/cmake -E cmake_link_script CMakeFiles/cmTC_50f78.dir/link.txt --verbose=1
/usr/bin/cc      -rdynamic CMakeFiles/cmTC_50f78.dir/CheckSymbolExists.c.o  -o cmTC_50f78 
/usr/bin/ld: CMakeFiles/cmTC_50f78.dir/CheckSymbolExists.c.o: in function `main':
CheckSymbolExists.c:(.text+0x1b): undefined reference to `pthread_create'
collect2: error: ld returned 1 exit status
make[1]: *** [CMakeFiles/cmTC_50f78.dir/build.make:87: cmTC_50f78] Error 1
make[1]: Leaving directory '/home/rambodrahmani/DevOps/opengl-superbible-7ed/cmake-build-debug/CMakeFiles/CMakeTmp'
make: *** [Makefile:121: cmTC_50f78/fast] Error 2

File /home/rambodrahmani/DevOps/opengl-superbible-7ed/cmake-build-debug/CMakeFiles/CMakeTmp/CheckSymbolExists.c:
/* */
#include <pthread.h>

int main(int argc, char** argv)
{
  (void)argv;
#ifndef pthread_create
  return ((int*)(&pthread_create))[argc];
#else
  (void)argc;
  return 0;
#endif
}

Determining if the function pthread_create exists in the pthreads failed with the following output:
Change Dir: /home/rambodrahmani/DevOps/opengl-superbible-7ed/cmake-build-debug/CMakeFiles/CMakeTmp

Run Build Command:"/usr/bin/make" "cmTC_46db7/fast"
/usr/bin/make -f CMakeFiles/cmTC_46db7.dir/build.make CMakeFiles/cmTC_46db7.dir/build
make[1]: Entering directory '/home/rambodrahmani/DevOps/opengl-superbible-7ed/cmake-build-debug/CMakeFiles/CMakeTmp'
Building C object CMakeFiles/cmTC_46db7.dir/CheckFunctionExists.c.o
/usr/bin/cc   -DCHECK_FUNCTION_EXISTS=pthread_create   -o CMakeFiles/cmTC_46db7.dir/CheckFunctionExists.c.o   -c /opt/clion/bin/cmake/linux/share/cmake-3.13/Modules/CheckFunctionExists.c
Linking C executable cmTC_46db7
/opt/clion/bin/cmake/linux/bin/cmake -E cmake_link_script CMakeFiles/cmTC_46db7.dir/link.txt --verbose=1
/usr/bin/cc  -DCHECK_FUNCTION_EXISTS=pthread_create    -rdynamic CMakeFiles/cmTC_46db7.dir/CheckFunctionExists.c.o  -o cmTC_46db7 -lpthreads 
/usr/bin/ld: cannot find -lpthreads
collect2: error: ld returned 1 exit status
make[1]: *** [CMakeFiles/cmTC_46db7.dir/build.make:87: cmTC_46db7] Error 1
make[1]: Leaving directory '/home/rambodrahmani/DevOps/opengl-superbible-7ed/cmake-build-debug/CMakeFiles/CMakeTmp'
make: *** [Makefile:121: cmTC_46db7/fast] Error 2


Determining if the pthread_create exist failed with the following output:
Change Dir: /home/rambodrahmani/DevOps/opengl-superbible-7d/cmake-build-debug/CMakeFiles/CMakeTmp

Run Build Command:"/usr/bin/make" "cmTC_08a81/fast"
/usr/bin/make -f CMakeFiles/cmTC_08a81.dir/build.make CMakeFiles/cmTC_08a81.dir/build
make[1]: Entering directory '/home/rambodrahmani/DevOps/opengl-superbible-7d/cmake-build-debug/CMakeFiles/CMakeTmp'
Building C object CMakeFiles/cmTC_08a81.dir/CheckSymbolExists.c.o
/usr/bin/cc    -o CMakeFiles/cmTC_08a81.dir/CheckSymbolExists.c.o   -c /home/rambodrahmani/DevOps/opengl-superbible-7d/cmake-build-debug/CMakeFiles/CMakeTmp/CheckSymbolExists.c
Linking C executable cmTC_08a81
/usr/bin/cmake -E cmake_link_script CMakeFiles/cmTC_08a81.dir/link.txt --verbose=1
/usr/bin/cc      -rdynamic CMakeFiles/cmTC_08a81.dir/CheckSymbolExists.c.o  -o cmTC_08a81 
/usr/bin/ld: CMakeFiles/cmTC_08a81.dir/CheckSymbolExists.c.o: in function `main':
CheckSymbolExists.c:(.text+0x1b): undefined reference to `pthread_create'
collect2: error: ld returned 1 exit status
make[1]: *** [CMakeFiles/cmTC_08a81.dir/build.make:87: cmTC_08a81] Error 1
make[1]: Leaving directory '/home/rambodrahmani/DevOps/opengl-superbible-7d/cmake-build-debug/CMakeFiles/CMakeTmp'
make: *** [Makefile:121: cmTC_08a81/fast] Error 2

File /home/rambodrahmani/DevOps/opengl-superbible-7d/cmake-build-debug/CMakeFiles/CMakeTmp/CheckSymbolExists.c:
/* */
#include <pthread.h>

int main(int argc, char** argv)
{
  (void)argv;
#ifndef pthread_create
  return ((int*)(&pthread_create))[argc];
#else
  (void)argc;
  return 0;
#endif
}

Determining if the function pthread_create exists in the pthreads failed with the following output:
Change Dir: /home/rambodrahmani/DevOps/opengl-superbible-7d/cmake-build-debug/CMakeFiles/CMakeTmp

Run Build Command:"/usr/bin/make" "cmTC_9e0a5/fast"
/usr/bin/make -f CMakeFiles/cmTC_9e0a5.dir/build.make CMakeFiles/cmTC_9e0a5.dir/build
make[1]: Entering directory '/home/rambodrahmani/DevOps/opengl-superbible-7d/cmake-build-debug/CMakeFiles/CMakeTmp'
Building C object CMakeFiles/cmTC_9e0a5.dir/CheckFunctionExists.c.o
/usr/bin/cc   -DCHECK_FUNCTION_EXISTS=pthread_create   -o CMakeFiles/cmTC_9e0a5.dir/CheckFunctionExists.c.o   -c /usr/share/cmake-3.13/Modules/CheckFunctionExists.c
Linking C executable cmTC_9e0a5
/usr/bin/cmake -E cmake_link_script CMakeFiles/cmTC_9e0a5.dir/link.txt --verbose=1
/usr/bin/cc  -DCHECK_FUNCTION_EXISTS=pthread_create    -rdynamic CMakeFiles/cmTC_9e0a5.dir/CheckFunctionExists.c.o  -o cmTC_9e0a5 -lpthreads 
/usr/bin/ld: cannot find -lpthreads
collect2: error: ld returned 1 exit status
make[1]: *** [CMakeFiles/cmTC_9e0a5.dir/build.make:87: cmTC_9e0a5] Error 1
make[1]: Leaving directory '/home/rambodrahmani/DevOps/opengl-superbible-7d/cmake-build-debug/CMakeFiles/CMakeTmp'
make: *** [Makefile:121: cmTC_9e0a5/fast] Error 2


